Arguments: 
  /Users/mark/.nvm/versions/node/v8.12.0/bin/node /usr/local/Cellar/yarn/1.5.1_1/libexec/bin/yarn.js start

PATH: 
  /Users/mark/.nvm/versions/node/v8.12.0/bin:/usr/local/bin:/usr/bin:/bin:/usr/sbin:/sbin

Yarn version: 
  1.5.1

Node version: 
  8.12.0

Platform: 
  darwin x64

npm manifest: 
  {
    "name": "cotd",
    "version": "0.0.3",
    "private": true,
    "devDependencies": {
      "concurrently": "3.5.1",
      "react-scripts": "1.1.1"
    },
    "dependencies": {
      "autoprefixer-stylus": "0.14.0",
      "firebase": "^4.10.1",
      "prop-types": "^15.6.0",
      "re-base": "3.2.2",
      "react": "^16.3.0-alpha.1",
      "react-dom": "^16.3.0-alpha.1",
      "react-router-dom": "^4.2.2",
      "react-transition-group": "^2.2.1",
      "serve": "^6.5.0",
      "stylus": "0.54.5"
    },
    "scripts": {
      "start": "react-scripts start",
      "watch": "concurrently --names \"webpack, stylus\" --prefix name \"npm run start\" \"npm run styles:watch\"",
      "build": "react-scripts build",
      "eject": "react-scripts eject",
      "styles": "stylus -u autoprefixer-stylus ./src/css/style.styl -o ./src/css/style.css",
      "styles:watch": "stylus -u autoprefixer-stylus -w ./src/css/style.styl -o ./src/css/style.css"
    }
  }

yarn manifest: 
  No manifest

Lockfile: 
  No lockfile

Trace: 
  Error: Command failed.
  Exit code: 1
  Command: sh
  Arguments: -c react-scripts start
  Directory: /Users/mark/Documents/CatchOfTheDay
  Output:
  
      at ProcessTermError.MessageError (/usr/local/Cellar/yarn/1.5.1_1/libexec/lib/cli.js:186:110)
      at new ProcessTermError (/usr/local/Cellar/yarn/1.5.1_1/libexec/lib/cli.js:226:113)
      at ChildProcess.<anonymous> (/usr/local/Cellar/yarn/1.5.1_1/libexec/lib/cli.js:30281:17)
      at emitTwo (events.js:126:13)
      at ChildProcess.emit (events.js:214:7)
      at maybeClose (internal/child_process.js:915:16)
      at Process.ChildProcess._handle.onexit (internal/child_process.js:209:5)
